<?xml version="1.0" encoding="UTF-8" ?>
<testsuite failures="0" time="2.229" errors="0" skipped="0" tests="4" name="fr.natoine.html.tests.HTMLPageTest">
  <properties>
[...]
</properties>
  <testcase time="0.857" classname="fr.natoine.html.tests.HTMLPageTest" name="testInstance"/>
  <testcase time="0.049" classname="fr.natoine.html.tests.HTMLPageTest" name="testIsChild"/>
  <testcase time="0.019" classname="fr.natoine.html.tests.HTMLPageTest" name="testExtractTitle"/>
  <testcase time="1.234" classname="fr.natoine.html.tests.HTMLPageTest" name="testEncodage"/>
</testsuite>